<?xml version="1.0" encoding="UTF-8"?>
<!-- Generated by org.testng.reporters.JUnitReportReporter -->
<testsuite hostname="LTIN518363" failures="0" tests="4" name="testcases.TC003_Googlesignin" time="67.817" errors="0" timestamp="2024-04-07T12:28:07 IST" skipped="0">
  <testcase classname="testcases.TC003_Googlesignin" name="verifyGoogleLogin" time="16.522"/>
  <testcase classname="testcases.TC003_Googlesignin" name="verifyLoginPage" time="17.811"/>
  <testcase classname="testcases.TC003_Googlesignin" name="verifyLoginPage" time="16.978"/>
  <testcase classname="testcases.TC003_Googlesignin" name="verifyGoogleLogin" time="16.506"/>
</testsuite> <!-- testcases.TC003_Googlesignin -->
