<?xml version="1.0" encoding="UTF-8"?>
<!-- Generated by org.testng.reporters.JUnitReportReporter -->
<testsuite hostname="LTIN518363" failures="0" tests="2" name="testcases.TC002_Usedcars" time="67.823" errors="0" timestamp="2024-04-07T12:28:07 IST" skipped="0">
  <testcase classname="testcases.TC002_Usedcars" name="UsedCarDetails" time="10.677"/>
  <testcase classname="testcases.TC002_Usedcars" name="UsedCarDetails" time="57.146"/>
</testsuite> <!-- testcases.TC002_Usedcars -->
